{"/Users/petersandqvist/Desktop/jest-testing/src/components/App.js": {"path":"/Users/petersandqvist/Desktop/jest-testing/src/components/App.js","statementMap":{"0":{"start":{"line":1,"column":13},"end":{"line":1,"column":75}},"1":{"start":{"line":1,"column":94},"end":{"line":1,"column":160}},"2":{"start":{"line":1,"column":174},"end":{"line":1,"column":190}},"3":{"start":{"line":1,"column":205},"end":{"line":1,"column":235}},"4":{"start":{"line":2,"column":17},"end":{"line":2,"column":38}},"5":{"start":{"line":2,"column":57},"end":{"line":2,"column":91}},"6":{"start":{"line":3,"column":13},"end":{"line":3,"column":31}},"7":{"start":{"line":3,"column":46},"end":{"line":3,"column":76}},"8":{"start":{"line":4,"column":20},"end":{"line":4,"column":52}},"9":{"start":{"line":4,"column":91},"end":{"line":4,"column":145}},"10":{"start":{"line":9,"column":68},"end":{"line":27,"column":13}},"11":{"start":{"line":19,"column":6},"end":{"line":21,"column":9}},"12":{"start":{"line":20,"column":8},"end":{"line":20,"column":57}},"13":{"start":{"line":25,"column":6},"end":{"line":25,"column":54}},"14":{"start":{"line":26,"column":6},"end":{"line":26,"column":34}},"15":{"start":{"line":30,"column":4},"end":{"line":40,"column":168}},"16":{"start":{"line":43,"column":4},"end":{"line":43,"column":68}},"17":{"start":{"line":43,"column":68},"end":{"line":46,"column":4}}},"fnMap":{"0":{"name":"_interopRequireDefault","decl":{"start":{"line":4,"column":62},"end":{"line":4,"column":84}},"loc":{"start":{"line":4,"column":90},"end":{"line":4,"column":146}},"line":4},"1":{"name":"(anonymous_1)","decl":{"start":{"line":9,"column":36},"end":{"line":9,"column":37}},"loc":{"start":{"line":9,"column":57},"end":{"line":27,"column":14}},"line":9},"2":{"name":"(anonymous_2)","decl":{"start":{"line":18,"column":22},"end":{"line":18,"column":23}},"loc":{"start":{"line":18,"column":31},"end":{"line":22,"column":5}},"line":18},"3":{"name":"(anonymous_3)","decl":{"start":{"line":19,"column":37},"end":{"line":19,"column":38}},"loc":{"start":{"line":19,"column":43},"end":{"line":21,"column":7}},"line":19},"4":{"name":"(anonymous_4)","decl":{"start":{"line":24,"column":13},"end":{"line":24,"column":14}},"loc":{"start":{"line":24,"column":19},"end":{"line":27,"column":5}},"line":24},"5":{"name":"(anonymous_5)","decl":{"start":{"line":29,"column":2},"end":{"line":29,"column":3}},"loc":{"start":{"line":29,"column":11},"end":{"line":43,"column":3}},"line":29}},"branchMap":{"0":{"loc":{"start":{"line":4,"column":98},"end":{"line":4,"column":144}},"type":"cond-expr","locations":[{"start":{"line":4,"column":122},"end":{"line":4,"column":125}},{"start":{"line":4,"column":128},"end":{"line":4,"column":144}}],"line":4},"1":{"loc":{"start":{"line":4,"column":98},"end":{"line":4,"column":119}},"type":"binary-expr","locations":[{"start":{"line":4,"column":98},"end":{"line":4,"column":101}},{"start":{"line":4,"column":105},"end":{"line":4,"column":119}}],"line":4},"2":{"loc":{"start":{"line":32,"column":8},"end":{"line":37,"column":26}},"type":"binary-expr","locations":[{"start":{"line":32,"column":8},"end":{"line":32,"column":23}},{"start":{"line":33,"column":8},"end":{"line":37,"column":26}}],"line":32}},"s":{"0":0,"1":0,"2":0,"3":0,"4":0,"5":0,"6":0,"7":0,"8":0,"9":0,"10":0,"11":0,"12":0,"13":0,"14":0,"15":0,"16":0,"17":0},"f":{"0":0,"1":0,"2":0,"3":0,"4":0,"5":0},"b":{"0":[0,0],"1":[0,0],"2":[0,0]}}
,"/Users/petersandqvist/Desktop/jest-testing/src/components/Login.js": {"path":"/Users/petersandqvist/Desktop/jest-testing/src/components/Login.js","statementMap":{"0":{"start":{"line":1,"column":13},"end":{"line":1,"column":75}},"1":{"start":{"line":1,"column":94},"end":{"line":1,"column":162}},"2":{"start":{"line":1,"column":176},"end":{"line":1,"column":192}},"3":{"start":{"line":1,"column":207},"end":{"line":1,"column":237}},"4":{"start":{"line":2,"column":17},"end":{"line":2,"column":38}},"5":{"start":{"line":2,"column":57},"end":{"line":2,"column":91}},"6":{"start":{"line":3,"column":15},"end":{"line":3,"column":35}},"7":{"start":{"line":3,"column":52},"end":{"line":3,"column":84}},"8":{"start":{"line":4,"column":18},"end":{"line":4,"column":48}},"9":{"start":{"line":4,"column":87},"end":{"line":4,"column":141}},"10":{"start":{"line":6,"column":70},"end":{"line":43,"column":89}},"11":{"start":{"line":21,"column":6},"end":{"line":21,"column":25}},"12":{"start":{"line":22,"column":6},"end":{"line":22,"column":16}},"13":{"start":{"line":22,"column":31},"end":{"line":22,"column":43}},"14":{"start":{"line":22,"column":55},"end":{"line":22,"column":70}},"15":{"start":{"line":23,"column":6},"end":{"line":40,"column":7}},"16":{"start":{"line":24,"column":8},"end":{"line":32,"column":11}},"17":{"start":{"line":31,"column":10},"end":{"line":31,"column":44}},"18":{"start":{"line":35,"column":8},"end":{"line":38,"column":26}},"19":{"start":{"line":43,"column":35},"end":{"line":43,"column":81}},"20":{"start":{"line":46,"column":4},"end":{"line":80,"column":166}},"21":{"start":{"line":84,"column":4},"end":{"line":84,"column":79}},"22":{"start":{"line":84,"column":79},"end":{"line":87,"column":6}}},"fnMap":{"0":{"name":"_interopRequireDefault","decl":{"start":{"line":4,"column":58},"end":{"line":4,"column":80}},"loc":{"start":{"line":4,"column":86},"end":{"line":4,"column":142}},"line":4},"1":{"name":"(anonymous_1)","decl":{"start":{"line":6,"column":38},"end":{"line":6,"column":39}},"loc":{"start":{"line":6,"column":59},"end":{"line":43,"column":90}},"line":6},"2":{"name":"(anonymous_2)","decl":{"start":{"line":20,"column":15},"end":{"line":20,"column":16}},"loc":{"start":{"line":20,"column":20},"end":{"line":41,"column":5}},"line":20},"3":{"name":"(anonymous_3)","decl":{"start":{"line":30,"column":8},"end":{"line":30,"column":9}},"loc":{"start":{"line":30,"column":14},"end":{"line":32,"column":9}},"line":30},"4":{"name":"(anonymous_4)","decl":{"start":{"line":43,"column":19},"end":{"line":43,"column":20}},"loc":{"start":{"line":43,"column":35},"end":{"line":43,"column":81}},"line":43},"5":{"name":"(anonymous_5)","decl":{"start":{"line":45,"column":2},"end":{"line":45,"column":3}},"loc":{"start":{"line":45,"column":11},"end":{"line":84,"column":3}},"line":45}},"branchMap":{"0":{"loc":{"start":{"line":4,"column":94},"end":{"line":4,"column":140}},"type":"cond-expr","locations":[{"start":{"line":4,"column":118},"end":{"line":4,"column":121}},{"start":{"line":4,"column":124},"end":{"line":4,"column":140}}],"line":4},"1":{"loc":{"start":{"line":4,"column":94},"end":{"line":4,"column":115}},"type":"binary-expr","locations":[{"start":{"line":4,"column":94},"end":{"line":4,"column":97}},{"start":{"line":4,"column":101},"end":{"line":4,"column":115}}],"line":4},"2":{"loc":{"start":{"line":23,"column":6},"end":{"line":40,"column":7}},"type":"if","locations":[{"start":{"line":23,"column":6},"end":{"line":40,"column":7}},{"start":{"line":23,"column":6},"end":{"line":40,"column":7}}],"line":23}},"s":{"0":0,"1":0,"2":0,"3":0,"4":0,"5":0,"6":0,"7":0,"8":0,"9":0,"10":0,"11":0,"12":0,"13":0,"14":0,"15":0,"16":0,"17":0,"18":0,"19":0,"20":0,"21":0,"22":0},"f":{"0":0,"1":0,"2":0,"3":0,"4":0,"5":0},"b":{"0":[0,0],"1":[0,0],"2":[0,0]}}
,"/Users/petersandqvist/Desktop/jest-testing/src/components/Message.js": {"path":"/Users/petersandqvist/Desktop/jest-testing/src/components/Message.js","statementMap":{"0":{"start":{"line":1,"column":13},"end":{"line":1,"column":75}},"1":{"start":{"line":1,"column":94},"end":{"line":1,"column":164}},"2":{"start":{"line":1,"column":178},"end":{"line":1,"column":194}},"3":{"start":{"line":1,"column":209},"end":{"line":1,"column":239}},"4":{"start":{"line":2,"column":17},"end":{"line":2,"column":38}},"5":{"start":{"line":2,"column":57},"end":{"line":2,"column":91}},"6":{"start":{"line":2,"column":130},"end":{"line":2,"column":184}},"7":{"start":{"line":4,"column":18},"end":{"line":8,"column":14}},"8":{"start":{"line":11,"column":16},"end":{"line":31,"column":1}},"9":{"start":{"line":12,"column":2},"end":{"line":18,"column":3}},"10":{"start":{"line":13,"column":4},"end":{"line":15,"column":23}},"11":{"start":{"line":19,"column":2},"end":{"line":25,"column":3}},"12":{"start":{"line":20,"column":4},"end":{"line":22,"column":23}},"13":{"start":{"line":26,"column":2},"end":{"line":27,"column":244}},"14":{"start":{"line":33,"column":0},"end":{"line":33,"column":30}},"15":{"start":{"line":33,"column":30},"end":{"line":35,"column":8}}},"fnMap":{"0":{"name":"_interopRequireDefault","decl":{"start":{"line":2,"column":101},"end":{"line":2,"column":123}},"loc":{"start":{"line":2,"column":129},"end":{"line":2,"column":185}},"line":2},"1":{"name":"(anonymous_1)","decl":{"start":{"line":11,"column":16},"end":{"line":11,"column":17}},"loc":{"start":{"line":11,"column":33},"end":{"line":31,"column":1}},"line":11}},"branchMap":{"0":{"loc":{"start":{"line":2,"column":137},"end":{"line":2,"column":183}},"type":"cond-expr","locations":[{"start":{"line":2,"column":161},"end":{"line":2,"column":164}},{"start":{"line":2,"column":167},"end":{"line":2,"column":183}}],"line":2},"1":{"loc":{"start":{"line":2,"column":137},"end":{"line":2,"column":158}},"type":"binary-expr","locations":[{"start":{"line":2,"column":137},"end":{"line":2,"column":140}},{"start":{"line":2,"column":144},"end":{"line":2,"column":158}}],"line":2},"2":{"loc":{"start":{"line":12,"column":2},"end":{"line":18,"column":3}},"type":"if","locations":[{"start":{"line":12,"column":2},"end":{"line":18,"column":3}},{"start":{"line":12,"column":2},"end":{"line":18,"column":3}}],"line":12},"3":{"loc":{"start":{"line":19,"column":2},"end":{"line":25,"column":3}},"type":"if","locations":[{"start":{"line":19,"column":2},"end":{"line":25,"column":3}},{"start":{"line":19,"column":2},"end":{"line":25,"column":3}}],"line":19}},"s":{"0":0,"1":0,"2":0,"3":0,"4":0,"5":0,"6":0,"7":0,"8":0,"9":0,"10":0,"11":0,"12":0,"13":0,"14":0,"15":0},"f":{"0":0,"1":0},"b":{"0":[0,0],"1":[0,0],"2":[0,0],"3":[0,0]}}
,"/Users/petersandqvist/Desktop/jest-testing/src/utils/localStorage.js": {"path":"/Users/petersandqvist/Desktop/jest-testing/src/utils/localStorage.js","statementMap":{"0":{"start":{"line":1,"column":13},"end":{"line":1,"column":75}},"1":{"start":{"line":1,"column":75},"end":{"line":1,"column":131}},"2":{"start":{"line":1,"column":131},"end":{"line":5,"column":50}},"3":{"start":{"line":5,"column":50},"end":{"line":10,"column":56}},"4":{"start":{"line":10,"column":96},"end":{"line":10,"column":132}},"5":{"start":{"line":10,"column":182},"end":{"line":10,"column":210}},"6":{"start":{"line":10,"column":211},"end":{"line":10,"column":229}},"7":{"start":{"line":11,"column":2},"end":{"line":11,"column":34}}},"fnMap":{"0":{"name":"saveUserToLocalStorage","decl":{"start":{"line":10,"column":65},"end":{"line":10,"column":87}},"loc":{"start":{"line":10,"column":95},"end":{"line":10,"column":133}},"line":10},"1":{"name":"getUserFromLocalStorage","decl":{"start":{"line":10,"column":142},"end":{"line":10,"column":165}},"loc":{"start":{"line":10,"column":168},"end":{"line":10,"column":230}},"line":10},"2":{"name":"removeUserFromLocalStorage","decl":{"start":{"line":10,"column":239},"end":{"line":10,"column":265}},"loc":{"start":{"line":10,"column":268},"end":{"line":12,"column":1}},"line":10}},"branchMap":{"0":{"loc":{"start":{"line":10,"column":218},"end":{"line":10,"column":228}},"type":"binary-expr","locations":[{"start":{"line":10,"column":218},"end":{"line":10,"column":222}},{"start":{"line":10,"column":226},"end":{"line":10,"column":228}}],"line":10}},"s":{"0":0,"1":0,"2":0,"3":0,"4":0,"5":0,"6":0,"7":0},"f":{"0":0,"1":0,"2":0},"b":{"0":[0,0]}}
,"/Users/petersandqvist/Desktop/jest-testing/src/utils/validation.js": {"path":"/Users/petersandqvist/Desktop/jest-testing/src/utils/validation.js","statementMap":{"0":{"start":{"line":1,"column":13},"end":{"line":1,"column":75}},"1":{"start":{"line":3,"column":22},"end":{"line":6,"column":1}},"2":{"start":{"line":4,"column":21},"end":{"line":4,"column":141}},"3":{"start":{"line":5,"column":2},"end":{"line":5,"column":37}},"4":{"start":{"line":8,"column":25},"end":{"line":11,"column":1}},"5":{"start":{"line":9,"column":24},"end":{"line":9,"column":73}},"6":{"start":{"line":10,"column":2},"end":{"line":10,"column":43}},"7":{"start":{"line":13,"column":22},"end":{"line":18,"column":1}},"8":{"start":{"line":14,"column":2},"end":{"line":16,"column":3}},"9":{"start":{"line":15,"column":4},"end":{"line":15,"column":16}},"10":{"start":{"line":17,"column":2},"end":{"line":17,"column":15}}},"fnMap":{"0":{"name":"(anonymous_0)","decl":{"start":{"line":3,"column":46},"end":{"line":3,"column":47}},"loc":{"start":{"line":3,"column":60},"end":{"line":6,"column":1}},"line":3},"1":{"name":"(anonymous_1)","decl":{"start":{"line":8,"column":52},"end":{"line":8,"column":53}},"loc":{"start":{"line":8,"column":69},"end":{"line":11,"column":1}},"line":8},"2":{"name":"(anonymous_2)","decl":{"start":{"line":13,"column":46},"end":{"line":13,"column":47}},"loc":{"start":{"line":13,"column":67},"end":{"line":18,"column":1}},"line":13}},"branchMap":{"0":{"loc":{"start":{"line":14,"column":2},"end":{"line":16,"column":3}},"type":"if","locations":[{"start":{"line":14,"column":2},"end":{"line":16,"column":3}},{"start":{"line":14,"column":2},"end":{"line":16,"column":3}}],"line":14},"1":{"loc":{"start":{"line":14,"column":6},"end":{"line":14,"column":56}},"type":"binary-expr","locations":[{"start":{"line":14,"column":6},"end":{"line":14,"column":26}},{"start":{"line":14,"column":30},"end":{"line":14,"column":56}}],"line":14}},"s":{"0":0,"1":0,"2":0,"3":0,"4":0,"5":0,"6":0,"7":0,"8":0,"9":0,"10":0},"f":{"0":0,"1":0,"2":0},"b":{"0":[0,0],"1":[0,0]}}
}
